#! /c/Source/iverilog-install/bin/vvp
:ivl_version "12.0 (devel)" "(s20150603-1539-g2693dd32b)";
:ivl_delay_selection "TYPICAL";
:vpi_time_precision - 10;
:vpi_module "C:\iverilog\lib\ivl\system.vpi";
:vpi_module "C:\iverilog\lib\ivl\vhdl_sys.vpi";
:vpi_module "C:\iverilog\lib\ivl\vhdl_textio.vpi";
:vpi_module "C:\iverilog\lib\ivl\v2005_math.vpi";
:vpi_module "C:\iverilog\lib\ivl\va_math.vpi";
S_0000023262cf8580 .scope module, "fullSubtractor_tb" "fullSubtractor_tb" 2 3;
 .timescale -9 -10;
v0000023262d033c0_0 .var "a", 0 0;
v0000023262d03e60_0 .var "b", 0 0;
v0000023262d02f60_0 .net "borrow", 0 0, L_0000023262cf6b60;  1 drivers
v0000023262d03460_0 .var "c", 0 0;
v0000023262d03c80_0 .net "diff", 0 0, L_0000023262cf6cb0;  1 drivers
S_00000232629dd150 .scope module, "DUT" "fullSubtractor" 2 7, 3 10 0, S_0000023262cf8580;
 .timescale 0 0;
    .port_info 0 /INPUT 1 "a";
    .port_info 1 /INPUT 1 "b";
    .port_info 2 /INPUT 1 "c";
    .port_info 3 /OUTPUT 1 "diff";
    .port_info 4 /OUTPUT 1 "borrow";
L_0000023262cf6b60 .functor OR 1, L_0000023262cf6fc0, L_0000023262cf6d20, C4<0>, C4<0>;
v0000023262d03820_0 .net "a", 0 0, v0000023262d033c0_0;  1 drivers
v0000023262d03320_0 .net "b", 0 0, v0000023262d03e60_0;  1 drivers
v0000023262d03140_0 .net "borrow", 0 0, L_0000023262cf6b60;  alias, 1 drivers
v0000023262d03960_0 .net "c", 0 0, v0000023262d03460_0;  1 drivers
v0000023262d03dc0_0 .net "diff", 0 0, L_0000023262cf6cb0;  alias, 1 drivers
v0000023262d03280_0 .net "w1", 0 0, L_0000023262cf6bd0;  1 drivers
v0000023262d03d20_0 .net "w2", 0 0, L_0000023262cf6fc0;  1 drivers
v0000023262d03780_0 .net "w3", 0 0, L_0000023262cf6d20;  1 drivers
S_00000232629dd2e0 .scope module, "H1" "halfSubtractor" 3 15, 3 1 0, S_00000232629dd150;
 .timescale 0 0;
    .port_info 0 /INPUT 1 "a";
    .port_info 1 /INPUT 1 "b";
    .port_info 2 /OUTPUT 1 "diff";
    .port_info 3 /OUTPUT 1 "borrow";
L_0000023262cf6bd0 .functor XOR 1, v0000023262d033c0_0, v0000023262d03e60_0, C4<0>, C4<0>;
L_0000023262cf6c40 .functor NOT 1, v0000023262d033c0_0, C4<0>, C4<0>, C4<0>;
L_0000023262cf6fc0 .functor AND 1, L_0000023262cf6c40, v0000023262d03e60_0, C4<1>, C4<1>;
v0000023262cf66c0_0 .net *"_ivl_2", 0 0, L_0000023262cf6c40;  1 drivers
v0000023262cf8710_0 .net "a", 0 0, v0000023262d033c0_0;  alias, 1 drivers
v00000232629dd470_0 .net "b", 0 0, v0000023262d03e60_0;  alias, 1 drivers
v00000232629dd510_0 .net "borrow", 0 0, L_0000023262cf6fc0;  alias, 1 drivers
v0000023262cd2760_0 .net "diff", 0 0, L_0000023262cf6bd0;  alias, 1 drivers
S_0000023262cd2800 .scope module, "H2" "halfSubtractor" 3 16, 3 1 0, S_00000232629dd150;
 .timescale 0 0;
    .port_info 0 /INPUT 1 "a";
    .port_info 1 /INPUT 1 "b";
    .port_info 2 /OUTPUT 1 "diff";
    .port_info 3 /OUTPUT 1 "borrow";
L_0000023262cf6cb0 .functor XOR 1, L_0000023262cf6bd0, v0000023262d03460_0, C4<0>, C4<0>;
L_0000023262cf6e70 .functor NOT 1, L_0000023262cf6bd0, C4<0>, C4<0>, C4<0>;
L_0000023262cf6d20 .functor AND 1, L_0000023262cf6e70, v0000023262d03460_0, C4<1>, C4<1>;
v0000023262cd2990_0 .net *"_ivl_2", 0 0, L_0000023262cf6e70;  1 drivers
v0000023262cd2a30_0 .net "a", 0 0, L_0000023262cf6bd0;  alias, 1 drivers
v0000023262cd2ad0_0 .net "b", 0 0, v0000023262d03460_0;  alias, 1 drivers
v0000023262d55870_0 .net "borrow", 0 0, L_0000023262cf6d20;  alias, 1 drivers
v0000023262d55910_0 .net "diff", 0 0, L_0000023262cf6cb0;  alias, 1 drivers
    .scope S_0000023262cf8580;
T_0 ;
    %vpi_call 2 11 "$dumpfile", "subtractor.vcd" {0 0 0};
    %vpi_call 2 12 "$dumpvars", 32'sb00000000000000000000000000000000, S_0000023262cf8580 {0 0 0};
    %vpi_call 2 13 "$monitor", $time, " a = %b , b = %b , c = %b | diff = %b | borrow = %b", v0000023262d033c0_0, v0000023262d03e60_0, v0000023262d03460_0, v0000023262d03c80_0, v0000023262d02f60_0 {0 0 0};
    %pushi/vec4 0, 0, 1;
    %store/vec4 v0000023262d033c0_0, 0, 1;
    %pushi/vec4 0, 0, 1;
    %store/vec4 v0000023262d03e60_0, 0, 1;
    %pushi/vec4 0, 0, 1;
    %store/vec4 v0000023262d03460_0, 0, 1;
    %delay 100, 0;
    %pushi/vec4 0, 0, 1;
    %store/vec4 v0000023262d033c0_0, 0, 1;
    %pushi/vec4 0, 0, 1;
    %store/vec4 v0000023262d03e60_0, 0, 1;
    %pushi/vec4 1, 0, 1;
    %store/vec4 v0000023262d03460_0, 0, 1;
    %delay 100, 0;
    %pushi/vec4 0, 0, 1;
    %store/vec4 v0000023262d033c0_0, 0, 1;
    %pushi/vec4 1, 0, 1;
    %store/vec4 v0000023262d03e60_0, 0, 1;
    %pushi/vec4 0, 0, 1;
    %store/vec4 v0000023262d03460_0, 0, 1;
    %delay 100, 0;
    %pushi/vec4 0, 0, 1;
    %store/vec4 v0000023262d033c0_0, 0, 1;
    %pushi/vec4 1, 0, 1;
    %store/vec4 v0000023262d03e60_0, 0, 1;
    %pushi/vec4 1, 0, 1;
    %store/vec4 v0000023262d03460_0, 0, 1;
    %delay 100, 0;
    %pushi/vec4 1, 0, 1;
    %store/vec4 v0000023262d033c0_0, 0, 1;
    %pushi/vec4 0, 0, 1;
    %store/vec4 v0000023262d03e60_0, 0, 1;
    %pushi/vec4 0, 0, 1;
    %store/vec4 v0000023262d03460_0, 0, 1;
    %delay 100, 0;
    %pushi/vec4 1, 0, 1;
    %store/vec4 v0000023262d033c0_0, 0, 1;
    %pushi/vec4 0, 0, 1;
    %store/vec4 v0000023262d03e60_0, 0, 1;
    %pushi/vec4 1, 0, 1;
    %store/vec4 v0000023262d03460_0, 0, 1;
    %delay 100, 0;
    %pushi/vec4 1, 0, 1;
    %store/vec4 v0000023262d033c0_0, 0, 1;
    %pushi/vec4 1, 0, 1;
    %store/vec4 v0000023262d03e60_0, 0, 1;
    %pushi/vec4 0, 0, 1;
    %store/vec4 v0000023262d03460_0, 0, 1;
    %delay 100, 0;
    %pushi/vec4 1, 0, 1;
    %store/vec4 v0000023262d033c0_0, 0, 1;
    %pushi/vec4 1, 0, 1;
    %store/vec4 v0000023262d03e60_0, 0, 1;
    %pushi/vec4 1, 0, 1;
    %store/vec4 v0000023262d03460_0, 0, 1;
    %delay 100, 0;
    %vpi_call 2 22 "$finish" {0 0 0};
    %end;
    .thread T_0;
# The file index is used to find the file name in the following table.
:file_names 4;
    "N/A";
    "<interactive>";
    "fullSubtractor_tb.v";
    "./fullSubtractor.v";
